2024-03-15 02:47:38,996 - root - INFO - Train_set has 150 pictures; Test_set has 45 pictures
2024-03-15 02:47:40,695 - root - INFO - Initializing center c...
2024-03-15 02:47:44,611 - root - INFO - Center c initialized.
2024-03-15 02:47:44,611 - root - INFO - Start training
2024-03-15 02:47:46,940 - root - INFO - epoch : 1: train loss: 4.167609292033472 ; AUC :63.85%; AP: 24.37%
2024-03-15 02:47:49,229 - root - INFO - epoch : 2: train loss: 0.14807172815658545 ; AUC :49.66%; AP: 18.42%
2024-03-15 02:47:51,514 - root - INFO - epoch : 3: train loss: 0.0876285519058767 ; AUC :14.53%; AP: 11.85%
2024-03-15 02:47:53,845 - root - INFO - epoch : 4: train loss: 0.0696302842544882 ; AUC :12.84%; AP: 11.54%
2024-03-15 02:47:56,144 - root - INFO - epoch : 5: train loss: 0.0563221847344386 ; AUC :21.28%; AP: 12.62%
2024-03-15 02:47:58,563 - root - INFO - epoch : 6: train loss: 0.05313882648356651 ; AUC :18.58%; AP: 12.30%
2024-03-15 02:48:00,872 - root - INFO - epoch : 7: train loss: 0.06389749481489784 ; AUC :14.86%; AP: 11.90%
2024-03-15 02:48:03,047 - root - INFO - epoch : 8: train loss: 0.07621716286398862 ; AUC :42.57%; AP: 16.58%
2024-03-15 02:48:05,251 - root - INFO - epoch : 9: train loss: 0.07217480433418562 ; AUC :10.81%; AP: 11.67%
2024-03-15 02:48:07,393 - root - INFO - epoch : 10: train loss: 0.08507736438983365 ; AUC :11.15%; AP: 11.68%
2024-03-15 02:48:09,673 - root - INFO - epoch : 11: train loss: 0.08979185660810847 ; AUC :10.81%; AP: 11.67%
2024-03-15 02:48:11,897 - root - INFO - epoch : 12: train loss: 0.10259855313128546 ; AUC :78.38%; AP: 33.71%
2024-03-15 02:48:14,122 - root - INFO - epoch : 13: train loss: 0.13315111349679923 ; AUC :36.82%; AP: 15.32%
2024-03-15 02:48:16,439 - root - INFO - epoch : 14: train loss: 0.10511941345114457 ; AUC :38.18%; AP: 15.56%
2024-03-15 02:48:18,719 - root - INFO - epoch : 15: train loss: 0.12634997736466558 ; AUC :50.00%; AP: 18.21%
2024-03-15 02:48:20,808 - root - INFO - epoch : 16: train loss: 0.1266931974770207 ; AUC :43.58%; AP: 16.50%
2024-03-15 02:48:22,873 - root - INFO - epoch : 17: train loss: 0.10007646964176704 ; AUC :21.62%; AP: 12.79%
2024-03-15 02:48:24,982 - root - INFO - epoch : 18: train loss: 0.1251563709229231 ; AUC :40.54%; AP: 16.26%
2024-03-15 02:48:27,366 - root - INFO - epoch : 19: train loss: 0.11578324574388955 ; AUC :30.41%; AP: 14.06%
2024-03-15 02:48:29,577 - root - INFO - epoch : 20: train loss: 0.05917157360205525 ; AUC :47.64%; AP: 17.91%
2024-03-15 02:48:31,790 - root - INFO - epoch : 21: train loss: 0.05558386244075863 ; AUC :62.16%; AP: 22.91%
2024-03-15 02:48:33,998 - root - INFO - epoch : 22: train loss: 0.0582160400716882 ; AUC :37.84%; AP: 15.44%
2024-03-15 02:48:36,314 - root - INFO - epoch : 23: train loss: 0.06899954540360916 ; AUC :67.57%; AP: 25.82%
2024-03-15 02:48:38,610 - root - INFO - epoch : 24: train loss: 0.06823368801882393 ; AUC :60.14%; AP: 21.81%
2024-03-15 02:48:40,922 - root - INFO - epoch : 25: train loss: 0.08118520265347079 ; AUC :31.08%; AP: 13.99%
2024-03-15 02:48:43,074 - root - INFO - epoch : 26: train loss: 0.056104740323989016 ; AUC :64.86%; AP: 24.40%
2024-03-15 02:48:45,342 - root - INFO - epoch : 27: train loss: 0.07872441817859285 ; AUC :58.78%; AP: 21.31%
2024-03-15 02:48:47,653 - root - INFO - epoch : 28: train loss: 0.07032226817682385 ; AUC :62.16%; AP: 22.91%
2024-03-15 02:48:50,441 - root - INFO - epoch : 29: train loss: 0.05235038879082391 ; AUC :62.84%; AP: 23.24%
2024-03-15 02:48:52,586 - root - INFO - epoch : 30: train loss: 0.05954540680211626 ; AUC :48.31%; AP: 17.84%
2024-03-15 02:48:54,849 - root - INFO - epoch : 31: train loss: 0.025953815588237422 ; AUC :60.81%; AP: 22.06%
2024-03-15 02:48:57,095 - root - INFO - epoch : 32: train loss: 0.021240099406752148 ; AUC :41.22%; AP: 15.93%
2024-03-15 02:48:59,406 - root - INFO - epoch : 33: train loss: 0.033463748613078347 ; AUC :38.85%; AP: 15.53%
2024-03-15 02:49:01,557 - root - INFO - epoch : 34: train loss: 0.03964427434594223 ; AUC :16.55%; AP: 12.12%
2024-03-15 02:49:03,742 - root - INFO - epoch : 35: train loss: 0.026987542422782434 ; AUC :12.50%; AP: 11.74%
2024-03-15 02:49:06,743 - root - INFO - epoch : 36: train loss: 0.02873056742215627 ; AUC :19.93%; AP: 12.20%
2024-03-15 02:49:08,916 - root - INFO - epoch : 37: train loss: 0.02048659320969723 ; AUC :54.05%; AP: 20.01%
2024-03-15 02:49:11,408 - root - INFO - epoch : 38: train loss: 0.02466963230338144 ; AUC :59.46%; AP: 21.57%
2024-03-15 02:49:13,558 - root - INFO - epoch : 39: train loss: 0.024219958601813567 ; AUC :62.16%; AP: 22.91%
2024-03-15 02:49:15,844 - root - INFO - epoch : 40: train loss: 0.019496199417565214 ; AUC :59.46%; AP: 21.59%
2024-03-15 02:49:17,924 - root - INFO - epoch : 41: train loss: 0.01845202798415956 ; AUC :13.85%; AP: 11.99%
2024-03-15 02:49:20,144 - root - INFO - epoch : 42: train loss: 0.023273913447107924 ; AUC :60.47%; AP: 23.73%
2024-03-15 02:49:22,186 - root - INFO - epoch : 43: train loss: 0.026178630767390132 ; AUC :38.85%; AP: 15.75%
2024-03-15 02:49:24,450 - root - INFO - epoch : 44: train loss: 0.02510780164677846 ; AUC :49.32%; AP: 19.45%
2024-03-15 02:49:26,577 - root - INFO - epoch : 45: train loss: 0.022326265510759856 ; AUC :30.41%; AP: 13.93%
2024-03-15 02:49:28,892 - root - INFO - epoch : 46: train loss: 0.017029270713560675 ; AUC :39.53%; AP: 16.02%
2024-03-15 02:49:31,112 - root - INFO - epoch : 47: train loss: 0.021306292374471302 ; AUC :45.95%; AP: 17.69%
2024-03-15 02:49:33,297 - root - INFO - epoch : 48: train loss: 0.02582943385564967 ; AUC :51.35%; AP: 19.89%
2024-03-15 02:49:35,468 - root - INFO - epoch : 49: train loss: 0.026689970596252305 ; AUC :47.97%; AP: 18.29%
2024-03-15 02:49:37,629 - root - INFO - epoch : 50: train loss: 0.024201630204180747 ; AUC :45.95%; AP: 18.13%
2024-03-15 02:49:39,893 - root - INFO - epoch : 51: train loss: 0.0041679293177654285 ; AUC :45.95%; AP: 18.13%
2024-03-15 02:49:42,231 - root - INFO - epoch : 52: train loss: 0.003515492683570636 ; AUC :46.62%; AP: 18.44%
2024-03-15 02:49:44,424 - root - INFO - epoch : 53: train loss: 0.0029212868156671327 ; AUC :47.30%; AP: 18.75%
2024-03-15 02:49:46,607 - root - INFO - epoch : 54: train loss: 0.002493774731288125 ; AUC :47.30%; AP: 18.75%
2024-03-15 02:49:48,785 - root - INFO - epoch : 55: train loss: 0.002187892263081219 ; AUC :47.30%; AP: 18.75%
2024-03-15 02:49:50,953 - root - INFO - epoch : 56: train loss: 0.0019582155096271123 ; AUC :47.30%; AP: 18.75%
2024-03-15 02:49:53,166 - root - INFO - epoch : 57: train loss: 0.001779768070647199 ; AUC :47.30%; AP: 18.75%
2024-03-15 02:49:55,553 - root - INFO - epoch : 58: train loss: 0.001639321643252563 ; AUC :47.30%; AP: 18.75%
2024-03-15 02:49:57,727 - root - INFO - epoch : 59: train loss: 0.0015267873256418266 ; AUC :46.62%; AP: 18.44%
2024-03-15 02:49:59,996 - root - INFO - epoch : 60: train loss: 0.0014338733400156918 ; AUC :46.62%; AP: 18.44%
2024-03-15 02:50:02,130 - root - INFO - epoch : 61: train loss: 0.0013562237865316045 ; AUC :46.62%; AP: 18.44%
2024-03-15 02:50:04,345 - root - INFO - epoch : 62: train loss: 0.001290566763552641 ; AUC :46.62%; AP: 18.44%
2024-03-15 02:50:06,498 - root - INFO - epoch : 63: train loss: 0.0012340593392237726 ; AUC :46.62%; AP: 18.44%
2024-03-15 02:50:08,678 - root - INFO - epoch : 64: train loss: 0.0011849892777574592 ; AUC :46.62%; AP: 18.44%
2024-03-15 02:50:10,783 - root - INFO - epoch : 65: train loss: 0.0011417635235518805 ; AUC :46.62%; AP: 18.44%
2024-03-15 02:50:13,059 - root - INFO - epoch : 66: train loss: 0.0011031286129237789 ; AUC :46.62%; AP: 18.44%
2024-03-15 02:50:15,209 - root - INFO - epoch : 67: train loss: 0.0010680587530307669 ; AUC :46.62%; AP: 18.44%
2024-03-15 02:50:17,476 - root - INFO - epoch : 68: train loss: 0.0010361890653209564 ; AUC :46.62%; AP: 18.44%
2024-03-15 02:50:19,678 - root - INFO - epoch : 69: train loss: 0.001006582194302035 ; AUC :45.95%; AP: 18.16%
2024-03-15 02:50:22,150 - root - INFO - epoch : 70: train loss: 0.0009793073044611926 ; AUC :45.95%; AP: 18.16%
2024-03-15 02:50:24,402 - root - INFO - epoch : 71: train loss: 0.0009536823437022241 ; AUC :45.95%; AP: 18.16%
2024-03-15 02:50:26,758 - root - INFO - epoch : 72: train loss: 0.0009296313311144905 ; AUC :45.95%; AP: 18.16%
2024-03-15 02:50:29,849 - root - INFO - epoch : 73: train loss: 0.0009070798037818781 ; AUC :45.95%; AP: 18.16%
2024-03-15 02:50:32,211 - root - INFO - epoch : 74: train loss: 0.0008857147637938493 ; AUC :45.95%; AP: 18.16%
2024-03-15 02:50:34,794 - root - INFO - epoch : 75: train loss: 0.0008653225538038992 ; AUC :45.95%; AP: 18.16%
2024-03-15 02:50:37,050 - root - INFO - epoch : 76: train loss: 0.000845959554824635 ; AUC :45.95%; AP: 18.16%
2024-03-15 02:50:39,632 - root - INFO - epoch : 77: train loss: 0.0008274778228951618 ; AUC :45.95%; AP: 18.16%
2024-03-15 02:50:42,247 - root - INFO - epoch : 78: train loss: 0.0008097827491215675 ; AUC :45.95%; AP: 18.16%
2024-03-15 02:50:44,567 - root - INFO - epoch : 79: train loss: 0.0007929404788515775 ; AUC :45.95%; AP: 18.16%
2024-03-15 02:50:47,061 - root - INFO - epoch : 80: train loss: 0.0007767568466461901 ; AUC :45.95%; AP: 18.16%
2024-03-15 02:50:50,701 - root - INFO - epoch : 81: train loss: 0.0007610983134088057 ; AUC :45.95%; AP: 18.16%
2024-03-15 02:50:53,021 - root - INFO - epoch : 82: train loss: 0.0007460758482155047 ; AUC :45.95%; AP: 18.16%
2024-03-15 02:50:56,683 - root - INFO - epoch : 83: train loss: 0.0007315374884791183 ; AUC :45.95%; AP: 18.16%
2024-03-15 02:50:59,089 - root - INFO - epoch : 84: train loss: 0.0007175427791049802 ; AUC :45.27%; AP: 17.85%
2024-03-15 02:51:01,559 - root - INFO - epoch : 85: train loss: 0.0007039617554064056 ; AUC :45.27%; AP: 17.85%
2024-03-15 02:51:04,084 - root - INFO - epoch : 86: train loss: 0.0006907688695814853 ; AUC :45.27%; AP: 17.85%
2024-03-15 02:51:07,135 - root - INFO - epoch : 87: train loss: 0.0006779047590067709 ; AUC :45.27%; AP: 17.85%
2024-03-15 02:51:09,358 - root - INFO - epoch : 88: train loss: 0.0006653380168197481 ; AUC :45.27%; AP: 17.85%
2024-03-15 02:51:11,636 - root - INFO - epoch : 89: train loss: 0.0006531513078554877 ; AUC :45.27%; AP: 17.85%
2024-03-15 02:51:13,963 - root - INFO - epoch : 90: train loss: 0.0006413801188739997 ; AUC :45.27%; AP: 17.85%
2024-03-15 02:51:16,118 - root - INFO - epoch : 91: train loss: 0.0006297453226962764 ; AUC :45.27%; AP: 17.85%
2024-03-15 02:51:18,539 - root - INFO - epoch : 92: train loss: 0.0006184517137865585 ; AUC :45.27%; AP: 17.85%
2024-03-15 02:51:20,742 - root - INFO - epoch : 93: train loss: 0.0006074187204878973 ; AUC :45.27%; AP: 17.85%
2024-03-15 02:51:23,038 - root - INFO - epoch : 94: train loss: 0.0005966175506871782 ; AUC :44.59%; AP: 17.60%
2024-03-15 02:51:25,298 - root - INFO - epoch : 95: train loss: 0.0005861675580442687 ; AUC :44.59%; AP: 17.60%
2024-03-15 02:51:27,523 - root - INFO - epoch : 96: train loss: 0.0005758980137455326 ; AUC :44.26%; AP: 17.46%
2024-03-15 02:51:29,845 - root - INFO - epoch : 97: train loss: 0.0005658271808275266 ; AUC :43.92%; AP: 17.34%
2024-03-15 02:51:32,133 - root - INFO - epoch : 98: train loss: 0.0005559225518434113 ; AUC :43.92%; AP: 17.34%
2024-03-15 02:51:34,535 - root - INFO - epoch : 99: train loss: 0.0005464012586009247 ; AUC :43.92%; AP: 17.34%
2024-03-15 02:51:36,749 - root - INFO - epoch : 100: train loss: 0.0004964680820672871 ; AUC :43.92%; AP: 17.34%
2024-03-15 02:51:37,331 - root - INFO - Final results:  AUC :43.92%; AP: 17.34%
