2024-03-15 03:07:59,967 - root - INFO - Train_set has 150 pictures; Test_set has 45 pictures
2024-03-15 03:08:01,742 - root - INFO - Initializing center c...
2024-03-15 03:08:05,450 - root - INFO - Center c initialized.
2024-03-15 03:08:05,461 - root - INFO - Start training
2024-03-15 03:08:07,736 - root - INFO - epoch : 1: train loss: 4.1645246716706374 ; AUC :61.82%; AP: 23.37%
2024-03-15 03:08:09,891 - root - INFO - epoch : 2: train loss: 0.147471728881723 ; AUC :48.31%; AP: 17.96%
2024-03-15 03:08:11,945 - root - INFO - epoch : 3: train loss: 0.08679821013816093 ; AUC :17.91%; AP: 12.10%
2024-03-15 03:08:14,092 - root - INFO - epoch : 4: train loss: 0.06762020623213366 ; AUC :23.65%; AP: 12.84%
2024-03-15 03:08:16,220 - root - INFO - epoch : 5: train loss: 0.0549816919588729 ; AUC :21.96%; AP: 12.82%
2024-03-15 03:08:18,457 - root - INFO - epoch : 6: train loss: 0.053537938792846705 ; AUC :20.95%; AP: 12.38%
2024-03-15 03:08:20,557 - root - INFO - epoch : 7: train loss: 0.06270708859358963 ; AUC :18.92%; AP: 12.37%
2024-03-15 03:08:22,614 - root - INFO - epoch : 8: train loss: 0.06211148025958162 ; AUC :17.57%; AP: 12.37%
2024-03-15 03:08:24,812 - root - INFO - epoch : 9: train loss: 0.058027414654038455 ; AUC :20.61%; AP: 12.62%
2024-03-15 03:08:26,918 - root - INFO - epoch : 10: train loss: 0.08135806269159443 ; AUC :26.01%; AP: 13.19%
2024-03-15 03:08:29,007 - root - INFO - epoch : 11: train loss: 0.08524570148438215 ; AUC :45.95%; AP: 17.64%
2024-03-15 03:08:31,191 - root - INFO - epoch : 12: train loss: 0.10868897004739235 ; AUC :48.99%; AP: 18.08%
2024-03-15 03:08:33,325 - root - INFO - epoch : 13: train loss: 0.136388168817288 ; AUC :2.70%; AP: 10.67%
2024-03-15 03:08:35,467 - root - INFO - epoch : 14: train loss: 0.08065827984951045 ; AUC :37.50%; AP: 15.66%
2024-03-15 03:08:37,637 - root - INFO - epoch : 15: train loss: 0.10703316438747079 ; AUC :60.81%; AP: 22.34%
2024-03-15 03:08:39,702 - root - INFO - epoch : 16: train loss: 0.07397138346966944 ; AUC :37.84%; AP: 15.54%
2024-03-15 03:08:41,856 - root - INFO - epoch : 17: train loss: 0.1148314052506497 ; AUC :27.70%; AP: 13.58%
2024-03-15 03:08:44,044 - root - INFO - epoch : 18: train loss: 0.10730662608617231 ; AUC :24.32%; AP: 13.15%
2024-03-15 03:08:46,186 - root - INFO - epoch : 19: train loss: 0.11942610438717038 ; AUC :22.30%; AP: 12.62%
2024-03-15 03:08:48,275 - root - INFO - epoch : 20: train loss: 0.10273026547541744 ; AUC :16.89%; AP: 12.13%
2024-03-15 03:08:50,534 - root - INFO - epoch : 21: train loss: 0.0842719366773963 ; AUC :9.46%; AP: 11.45%
2024-03-15 03:08:52,571 - root - INFO - epoch : 22: train loss: 0.06049143312204825 ; AUC :64.53%; AP: 23.74%
2024-03-15 03:08:54,814 - root - INFO - epoch : 23: train loss: 0.0683597640477513 ; AUC :10.81%; AP: 11.67%
2024-03-15 03:08:56,936 - root - INFO - epoch : 24: train loss: 0.06406876655589593 ; AUC :2.70%; AP: 10.68%
2024-03-15 03:08:58,983 - root - INFO - epoch : 25: train loss: 0.0387898921280315 ; AUC :56.76%; AP: 20.56%
2024-03-15 03:09:01,172 - root - INFO - epoch : 26: train loss: 0.05186877762408633 ; AUC :55.41%; AP: 20.21%
2024-03-15 03:09:03,324 - root - INFO - epoch : 27: train loss: 0.042096335293823166 ; AUC :54.05%; AP: 20.01%
2024-03-15 03:09:05,448 - root - INFO - epoch : 28: train loss: 0.05335487052798271 ; AUC :24.66%; AP: 13.18%
2024-03-15 03:09:07,589 - root - INFO - epoch : 29: train loss: 0.050482459807474366 ; AUC :60.14%; AP: 21.86%
2024-03-15 03:09:09,613 - root - INFO - epoch : 30: train loss: 0.06239352686526744 ; AUC :44.59%; AP: 16.81%
2024-03-15 03:09:11,736 - root - INFO - epoch : 31: train loss: 0.03767400073181642 ; AUC :43.24%; AP: 16.97%
2024-03-15 03:09:13,848 - root - INFO - epoch : 32: train loss: 0.017088323537456363 ; AUC :20.95%; AP: 12.56%
2024-03-15 03:09:16,014 - root - INFO - epoch : 33: train loss: 0.018611945787836846 ; AUC :10.14%; AP: 11.45%
2024-03-15 03:09:18,418 - root - INFO - epoch : 34: train loss: 0.016515160065242333 ; AUC :24.66%; AP: 13.00%
2024-03-15 03:09:20,727 - root - INFO - epoch : 35: train loss: 0.014062589794201287 ; AUC :9.46%; AP: 11.29%
2024-03-15 03:09:22,958 - root - INFO - epoch : 36: train loss: 0.01768506908985345 ; AUC :33.11%; AP: 14.67%
2024-03-15 03:09:25,146 - root - INFO - epoch : 37: train loss: 0.021651543529802246 ; AUC :46.62%; AP: 17.59%
2024-03-15 03:09:27,310 - root - INFO - epoch : 38: train loss: 0.024215432178033024 ; AUC :50.00%; AP: 18.51%
2024-03-15 03:09:29,719 - root - INFO - epoch : 39: train loss: 0.024521749760759503 ; AUC :33.78%; AP: 14.81%
2024-03-15 03:09:32,178 - root - INFO - epoch : 40: train loss: 0.026800600958890038 ; AUC :50.00%; AP: 18.51%
2024-03-15 03:09:34,385 - root - INFO - epoch : 41: train loss: 0.021645390820738516 ; AUC :53.72%; AP: 19.38%
2024-03-15 03:09:36,699 - root - INFO - epoch : 42: train loss: 0.04800413416600541 ; AUC :57.43%; AP: 20.77%
2024-03-15 03:09:38,907 - root - INFO - epoch : 43: train loss: 0.030514969711044903 ; AUC :62.16%; AP: 22.91%
2024-03-15 03:09:41,145 - root - INFO - epoch : 44: train loss: 0.048260645622289496 ; AUC :54.05%; AP: 20.01%
2024-03-15 03:09:43,405 - root - INFO - epoch : 45: train loss: 0.03273482123193772 ; AUC :56.08%; AP: 20.46%
2024-03-15 03:09:45,560 - root - INFO - epoch : 46: train loss: 0.03433898194251876 ; AUC :54.05%; AP: 20.01%
2024-03-15 03:09:47,768 - root - INFO - epoch : 47: train loss: 0.030867803106574637 ; AUC :0.00%; AP: 10.57%
2024-03-15 03:09:50,094 - root - INFO - epoch : 48: train loss: 0.051049582194536924 ; AUC :51.35%; AP: 18.96%
2024-03-15 03:09:52,216 - root - INFO - epoch : 49: train loss: 0.04446503637652648 ; AUC :43.92%; AP: 23.04%
2024-03-15 03:09:54,405 - root - INFO - epoch : 50: train loss: 0.03167721373029053 ; AUC :35.14%; AP: 15.33%
2024-03-15 03:09:56,534 - root - INFO - epoch : 51: train loss: 0.011413135532118184 ; AUC :40.20%; AP: 16.24%
2024-03-15 03:09:58,832 - root - INFO - epoch : 52: train loss: 0.008398149337153882 ; AUC :42.23%; AP: 16.20%
2024-03-15 03:10:01,051 - root - INFO - epoch : 53: train loss: 0.006821010035070542 ; AUC :42.23%; AP: 16.21%
2024-03-15 03:10:03,321 - root - INFO - epoch : 54: train loss: 0.005739971793158666 ; AUC :41.89%; AP: 16.15%
2024-03-15 03:10:05,596 - root - INFO - epoch : 55: train loss: 0.004957531621728681 ; AUC :41.89%; AP: 16.14%
2024-03-15 03:10:08,037 - root - INFO - epoch : 56: train loss: 0.00436489657792998 ; AUC :41.55%; AP: 16.08%
2024-03-15 03:10:10,132 - root - INFO - epoch : 57: train loss: 0.003903636102270531 ; AUC :40.54%; AP: 15.94%
2024-03-15 03:10:12,320 - root - INFO - epoch : 58: train loss: 0.0035385902477795945 ; AUC :40.88%; AP: 16.07%
2024-03-15 03:10:14,524 - root - INFO - epoch : 59: train loss: 0.003242291932876565 ; AUC :40.88%; AP: 16.07%
2024-03-15 03:10:16,857 - root - INFO - epoch : 60: train loss: 0.002997571115357507 ; AUC :40.88%; AP: 16.07%
2024-03-15 03:10:19,096 - root - INFO - epoch : 61: train loss: 0.002790805666192778 ; AUC :40.54%; AP: 16.01%
2024-03-15 03:10:21,498 - root - INFO - epoch : 62: train loss: 0.0026141191606017713 ; AUC :40.54%; AP: 16.01%
2024-03-15 03:10:23,712 - root - INFO - epoch : 63: train loss: 0.0024620963897752134 ; AUC :40.20%; AP: 15.98%
2024-03-15 03:10:26,312 - root - INFO - epoch : 64: train loss: 0.0023283935075405202 ; AUC :40.20%; AP: 15.98%
2024-03-15 03:10:28,560 - root - INFO - epoch : 65: train loss: 0.002209862591514952 ; AUC :40.20%; AP: 15.98%
2024-03-15 03:10:30,948 - root - INFO - epoch : 66: train loss: 0.0021041557897421483 ; AUC :39.86%; AP: 15.94%
2024-03-15 03:10:33,180 - root - INFO - epoch : 67: train loss: 0.002009157843483416 ; AUC :38.85%; AP: 15.76%
2024-03-15 03:10:35,327 - root - INFO - epoch : 68: train loss: 0.001923461374214017 ; AUC :37.84%; AP: 15.59%
2024-03-15 03:10:37,529 - root - INFO - epoch : 69: train loss: 0.0018458336018834654 ; AUC :37.84%; AP: 15.59%
2024-03-15 03:10:39,791 - root - INFO - epoch : 70: train loss: 0.0017752483698514926 ; AUC :36.82%; AP: 15.43%
2024-03-15 03:10:42,076 - root - INFO - epoch : 71: train loss: 0.0017105130889256926 ; AUC :36.15%; AP: 15.28%
2024-03-15 03:10:44,354 - root - INFO - epoch : 72: train loss: 0.0016507524277059066 ; AUC :35.81%; AP: 15.18%
2024-03-15 03:10:46,550 - root - INFO - epoch : 73: train loss: 0.0015949263071984444 ; AUC :35.81%; AP: 15.18%
2024-03-15 03:10:48,837 - root - INFO - epoch : 74: train loss: 0.0015429913657594864 ; AUC :35.81%; AP: 15.18%
2024-03-15 03:10:51,025 - root - INFO - epoch : 75: train loss: 0.0014944431926491425 ; AUC :35.81%; AP: 15.18%
2024-03-15 03:10:53,299 - root - INFO - epoch : 76: train loss: 0.0014488764526935196 ; AUC :35.81%; AP: 15.18%
2024-03-15 03:10:55,430 - root - INFO - epoch : 77: train loss: 0.0014062933164256577 ; AUC :35.47%; AP: 15.09%
2024-03-15 03:10:57,685 - root - INFO - epoch : 78: train loss: 0.0013661781711945015 ; AUC :35.14%; AP: 15.01%
2024-03-15 03:11:00,053 - root - INFO - epoch : 79: train loss: 0.0013284251724958028 ; AUC :34.80%; AP: 14.96%
2024-03-15 03:11:02,330 - root - INFO - epoch : 80: train loss: 0.0012927634793174405 ; AUC :34.80%; AP: 14.96%
2024-03-15 03:11:04,752 - root - INFO - epoch : 81: train loss: 0.0012587779324109618 ; AUC :34.46%; AP: 14.91%
2024-03-15 03:11:07,056 - root - INFO - epoch : 82: train loss: 0.0012267012628542847 ; AUC :34.46%; AP: 14.91%
2024-03-15 03:11:09,287 - root - INFO - epoch : 83: train loss: 0.001195787827447547 ; AUC :34.46%; AP: 14.91%
2024-03-15 03:11:11,868 - root - INFO - epoch : 84: train loss: 0.001166392471580031 ; AUC :34.12%; AP: 14.84%
2024-03-15 03:11:14,421 - root - INFO - epoch : 85: train loss: 0.0011382418206745857 ; AUC :34.12%; AP: 14.84%
2024-03-15 03:11:16,952 - root - INFO - epoch : 86: train loss: 0.001111186654797118 ; AUC :34.12%; AP: 14.84%
2024-03-15 03:11:19,347 - root - INFO - epoch : 87: train loss: 0.0010851932809026422 ; AUC :34.12%; AP: 14.84%
2024-03-15 03:11:21,566 - root - INFO - epoch : 88: train loss: 0.0010601661557111104 ; AUC :34.12%; AP: 14.84%
2024-03-15 03:11:23,788 - root - INFO - epoch : 89: train loss: 0.0010360686750286014 ; AUC :34.12%; AP: 14.84%
2024-03-15 03:11:26,104 - root - INFO - epoch : 90: train loss: 0.001012810046392444 ; AUC :34.12%; AP: 14.84%
2024-03-15 03:11:28,251 - root - INFO - epoch : 91: train loss: 0.000990434019752827 ; AUC :34.12%; AP: 14.84%
2024-03-15 03:11:30,416 - root - INFO - epoch : 92: train loss: 0.0009689347498351708 ; AUC :33.78%; AP: 14.77%
2024-03-15 03:11:32,543 - root - INFO - epoch : 93: train loss: 0.0009482099535250056 ; AUC :33.78%; AP: 14.77%
2024-03-15 03:11:34,741 - root - INFO - epoch : 94: train loss: 0.0009279943417488156 ; AUC :33.45%; AP: 14.72%
2024-03-15 03:11:36,976 - root - INFO - epoch : 95: train loss: 0.000908370544110719 ; AUC :33.45%; AP: 14.72%
2024-03-15 03:11:39,213 - root - INFO - epoch : 96: train loss: 0.0008894803230711995 ; AUC :33.45%; AP: 14.72%
2024-03-15 03:11:41,608 - root - INFO - epoch : 97: train loss: 0.0008710100588168165 ; AUC :33.45%; AP: 14.72%
2024-03-15 03:11:43,981 - root - INFO - epoch : 98: train loss: 0.0008532753096292972 ; AUC :33.45%; AP: 14.72%
2024-03-15 03:11:46,162 - root - INFO - epoch : 99: train loss: 0.0008361199020567399 ; AUC :33.45%; AP: 14.72%
2024-03-15 03:11:48,373 - root - INFO - epoch : 100: train loss: 0.0007708066228875204 ; AUC :35.47%; AP: 15.09%
2024-03-15 03:11:48,898 - root - INFO - Final results:  AUC :35.47%; AP: 15.09%
