2024-03-15 03:19:33,523 - root - INFO - Train_set has 132 pictures; Test_set has 43 pictures
2024-03-15 03:19:35,500 - root - INFO - Initializing center c...
2024-03-15 03:19:39,053 - root - INFO - Center c initialized.
2024-03-15 03:19:39,053 - root - INFO - Start training
2024-03-15 03:19:41,092 - root - INFO - Epoch 1: train loss: 6.46123703185356 ; AUC :0.91%; AP: 13.84%
2024-03-15 03:19:42,947 - root - INFO - Epoch 2: train loss: 0.11654292622750456 ; AUC :96.67%; AP: 92.27%
2024-03-15 03:19:44,917 - root - INFO - Epoch 3: train loss: 0.04932833553263635 ; AUC :83.64%; AP: 58.36%
2024-03-15 03:19:46,780 - root - INFO - Epoch 4: train loss: 0.05648457862888322 ; AUC :99.70%; AP: 99.09%
2024-03-15 03:19:48,754 - root - INFO - Epoch 5: train loss: 0.08120128867978399 ; AUC :98.18%; AP: 94.52%
2024-03-15 03:19:50,771 - root - INFO - Epoch 6: train loss: 0.09457821652970531 ; AUC :95.76%; AP: 85.75%
2024-03-15 03:19:52,868 - root - INFO - Epoch 7: train loss: 0.0869418013502251 ; AUC :47.88%; AP: 24.19%
2024-03-15 03:19:54,931 - root - INFO - Epoch 8: train loss: 0.06073213989535967 ; AUC :40.00%; AP: 20.36%
2024-03-15 03:19:56,956 - root - INFO - Epoch 9: train loss: 0.11549809123530533 ; AUC :57.88%; AP: 36.03%
2024-03-15 03:19:58,795 - root - INFO - Epoch 10: train loss: 0.09422243284908208 ; AUC :83.03%; AP: 65.08%
2024-03-15 03:20:00,898 - root - INFO - Epoch 11: train loss: 0.0806164438977386 ; AUC :44.85%; AP: 21.49%
2024-03-15 03:20:02,860 - root - INFO - Epoch 12: train loss: 0.05663659942872597 ; AUC :86.36%; AP: 61.79%
2024-03-15 03:20:04,836 - root - INFO - Epoch 13: train loss: 0.12069631672718308 ; AUC :91.82%; AP: 81.38%
2024-03-15 03:20:06,841 - root - INFO - Epoch 14: train loss: 0.034154728280775475 ; AUC :98.48%; AP: 94.30%
2024-03-15 03:20:08,732 - root - INFO - Epoch 15: train loss: 0.026005728170275688 ; AUC :100.00%; AP: 100.00%
2024-03-15 03:20:10,745 - root - INFO - Epoch 16: train loss: 0.029955905128383274 ; AUC :100.00%; AP: 100.00%
2024-03-15 03:20:12,668 - root - INFO - Epoch 17: train loss: 0.0416312094100497 ; AUC :100.00%; AP: 100.00%
2024-03-15 03:20:14,630 - root - INFO - Epoch 18: train loss: 0.04893353259698911 ; AUC :99.09%; AP: 97.69%
2024-03-15 03:20:16,489 - root - INFO - Epoch 19: train loss: 0.04857527746847182 ; AUC :99.39%; AP: 98.33%
2024-03-15 03:20:18,416 - root - INFO - Epoch 20: train loss: 0.07703585013972991 ; AUC :100.00%; AP: 100.00%
2024-03-15 03:20:20,389 - root - INFO - Epoch 21: train loss: 0.10819796755006819 ; AUC :97.27%; AP: 87.38%
2024-03-15 03:20:22,294 - root - INFO - Epoch 22: train loss: 0.04774838900475791 ; AUC :99.70%; AP: 99.09%
2024-03-15 03:20:24,237 - root - INFO - Epoch 23: train loss: 0.04369695179841735 ; AUC :100.00%; AP: 100.00%
2024-03-15 03:20:26,112 - root - INFO - Epoch 24: train loss: 0.044329958205873314 ; AUC :100.00%; AP: 100.00%
2024-03-15 03:20:27,959 - root - INFO - Epoch 25: train loss: 0.04352147702240583 ; AUC :100.00%; AP: 100.00%
2024-03-15 03:20:29,884 - root - INFO - Epoch 26: train loss: 0.03225366288626736 ; AUC :100.00%; AP: 100.00%
2024-03-15 03:20:31,979 - root - INFO - Epoch 27: train loss: 0.05751527854326097 ; AUC :100.00%; AP: 100.00%
2024-03-15 03:20:36,001 - root - INFO - Epoch 28: train loss: 0.038919598710807884 ; AUC :98.18%; AP: 92.63%
2024-03-15 03:20:41,392 - root - INFO - Epoch 29: train loss: 0.03436466379824913 ; AUC :91.52%; AP: 75.56%
2024-03-15 03:20:47,458 - root - INFO - Epoch 30: train loss: 0.041269719544233696 ; AUC :24.55%; AP: 16.71%
2024-03-15 03:20:49,478 - root - INFO - Epoch 31: train loss: 0.03201205619243962 ; AUC :100.00%; AP: 100.00%
2024-03-15 03:20:51,611 - root - INFO - Epoch 32: train loss: 0.041202297772873535 ; AUC :100.00%; AP: 100.00%
2024-03-15 03:20:53,648 - root - INFO - Epoch 33: train loss: 0.03744510380607663 ; AUC :45.76%; AP: 21.94%
2024-03-15 03:20:57,750 - root - INFO - Epoch 34: train loss: 0.03488850314170122 ; AUC :100.00%; AP: 100.00%
2024-03-15 03:21:02,706 - root - INFO - Epoch 35: train loss: 0.035844638012349606 ; AUC :100.00%; AP: 100.00%
2024-03-15 03:21:06,677 - root - INFO - Epoch 36: train loss: 0.04146484248904568 ; AUC :99.39%; AP: 98.09%
2024-03-15 03:21:14,332 - root - INFO - Epoch 37: train loss: 0.12904846419890723 ; AUC :70.00%; AP: 36.46%
2024-03-15 03:21:21,937 - root - INFO - Epoch 38: train loss: 0.03702603455520037 ; AUC :64.24%; AP: 29.45%
2024-03-15 03:21:27,790 - root - INFO - Epoch 39: train loss: 0.03314161419191144 ; AUC :0.00%; AP: 13.80%
2024-03-15 03:21:31,877 - root - INFO - Epoch 40: train loss: 0.030477520642858563 ; AUC :96.06%; AP: 93.55%
2024-03-15 03:21:38,780 - root - INFO - Epoch 41: train loss: 0.02102150475944985 ; AUC :91.82%; AP: 68.32%
2024-03-15 03:21:46,037 - root - INFO - Epoch 42: train loss: 0.023380024471517765 ; AUC :100.00%; AP: 100.00%
2024-03-15 03:21:50,904 - root - INFO - Epoch 43: train loss: 0.02137032052445592 ; AUC :95.15%; AP: 89.76%
2024-03-15 03:21:56,436 - root - INFO - Epoch 44: train loss: 0.03084861140020869 ; AUC :96.67%; AP: 90.67%
2024-03-15 03:22:02,878 - root - INFO - Epoch 45: train loss: 0.042471307781383846 ; AUC :0.30%; AP: 13.81%
2024-03-15 03:22:11,309 - root - INFO - Epoch 46: train loss: 0.03624280135739933 ; AUC :3.94%; AP: 14.05%
2024-03-15 03:22:17,389 - root - INFO - Epoch 47: train loss: 0.038030640758348236 ; AUC :34.55%; AP: 19.46%
2024-03-15 03:22:22,839 - root - INFO - Epoch 48: train loss: 0.04180692012111346 ; AUC :99.70%; AP: 99.09%
2024-03-15 03:22:28,368 - root - INFO - Epoch 49: train loss: 0.039500206878239456 ; AUC :99.09%; AP: 97.69%
2024-03-15 03:22:32,747 - root - INFO - Epoch 50: train loss: 0.016757463055634587 ; AUC :48.18%; AP: 22.46%
2024-03-15 03:22:39,480 - root - INFO - Epoch 51: train loss: 0.006071504180771158 ; AUC :37.88%; AP: 19.54%
2024-03-15 03:22:45,539 - root - INFO - Epoch 52: train loss: 0.004814795895733617 ; AUC :45.45%; AP: 21.63%
2024-03-15 03:22:51,119 - root - INFO - Epoch 53: train loss: 0.004438342762913442 ; AUC :51.21%; AP: 23.55%
2024-03-15 03:22:57,576 - root - INFO - Epoch 54: train loss: 0.004172980785369873 ; AUC :55.15%; AP: 24.98%
2024-03-15 03:23:03,873 - root - INFO - Epoch 55: train loss: 0.003934706409574684 ; AUC :58.48%; AP: 26.33%
2024-03-15 03:23:11,538 - root - INFO - Epoch 56: train loss: 0.0037194408377576055 ; AUC :61.82%; AP: 28.24%
2024-03-15 03:23:21,114 - root - INFO - Epoch 57: train loss: 0.003522210930840987 ; AUC :65.45%; AP: 30.51%
2024-03-15 03:23:29,371 - root - INFO - Epoch 58: train loss: 0.0033400488883313355 ; AUC :68.18%; AP: 34.41%
2024-03-15 03:23:36,418 - root - INFO - Epoch 59: train loss: 0.00317081123957354 ; AUC :70.61%; AP: 36.49%
2024-03-15 03:23:45,844 - root - INFO - Epoch 60: train loss: 0.0030137406023586113 ; AUC :71.52%; AP: 37.05%
2024-03-15 03:23:55,287 - root - INFO - Epoch 61: train loss: 0.0028679561730700007 ; AUC :73.33%; AP: 38.86%
2024-03-15 03:24:04,519 - root - INFO - Epoch 62: train loss: 0.0027323479404334316 ; AUC :75.76%; AP: 41.71%
2024-03-15 03:24:14,161 - root - INFO - Epoch 63: train loss: 0.0026057548962081923 ; AUC :77.27%; AP: 43.16%
2024-03-15 03:24:23,675 - root - INFO - Epoch 64: train loss: 0.002488481131325843 ; AUC :78.48%; AP: 43.68%
2024-03-15 03:24:30,921 - root - INFO - Epoch 65: train loss: 0.0023803792728082926 ; AUC :79.09%; AP: 44.27%
2024-03-15 03:24:40,270 - root - INFO - Epoch 66: train loss: 0.0022807040191819947 ; AUC :80.91%; AP: 46.44%
2024-03-15 03:24:48,618 - root - INFO - Epoch 67: train loss: 0.0021877127530222588 ; AUC :81.52%; AP: 45.57%
2024-03-15 03:24:58,151 - root - INFO - Epoch 68: train loss: 0.0021015541208202412 ; AUC :81.82%; AP: 45.90%
2024-03-15 03:25:06,535 - root - INFO - Epoch 69: train loss: 0.002021850159067209 ; AUC :82.73%; AP: 46.76%
2024-03-15 03:25:16,014 - root - INFO - Epoch 70: train loss: 0.0019483226774768395 ; AUC :83.03%; AP: 46.68%
2024-03-15 03:25:25,612 - root - INFO - Epoch 71: train loss: 0.0018800034727477891 ; AUC :84.24%; AP: 48.25%
2024-03-15 03:25:34,483 - root - INFO - Epoch 72: train loss: 0.0018168088457914014 ; AUC :84.24%; AP: 48.48%
2024-03-15 03:25:43,822 - root - INFO - Epoch 73: train loss: 0.0017583442985955062 ; AUC :84.55%; AP: 49.08%
2024-03-15 03:25:53,023 - root - INFO - Epoch 74: train loss: 0.0017039368941561515 ; AUC :84.55%; AP: 49.08%
2024-03-15 03:26:02,452 - root - INFO - Epoch 75: train loss: 0.0016528994487034101 ; AUC :84.24%; AP: 48.24%
2024-03-15 03:26:11,913 - root - INFO - Epoch 76: train loss: 0.0016053823673053448 ; AUC :83.94%; AP: 47.91%
2024-03-15 03:26:20,968 - root - INFO - Epoch 77: train loss: 0.001560436048417945 ; AUC :84.24%; AP: 48.24%
2024-03-15 03:26:30,261 - root - INFO - Epoch 78: train loss: 0.001518208073155785 ; AUC :84.55%; AP: 48.69%
2024-03-15 03:26:40,448 - root - INFO - Epoch 79: train loss: 0.0014781516352245076 ; AUC :84.85%; AP: 49.07%
2024-03-15 03:26:49,888 - root - INFO - Epoch 80: train loss: 0.0014404359654608097 ; AUC :84.85%; AP: 49.22%
2024-03-15 03:26:59,864 - root - INFO - Epoch 81: train loss: 0.0014043018507601862 ; AUC :84.55%; AP: 48.92%
2024-03-15 03:27:09,481 - root - INFO - Epoch 82: train loss: 0.0013701521145941858 ; AUC :84.85%; AP: 49.00%
2024-03-15 03:27:19,535 - root - INFO - Epoch 83: train loss: 0.0013375516035452936 ; AUC :84.55%; AP: 48.56%
2024-03-15 03:27:28,611 - root - INFO - Epoch 84: train loss: 0.001306445530093642 ; AUC :85.15%; AP: 49.06%
2024-03-15 03:27:39,158 - root - INFO - Epoch 85: train loss: 0.0012764662705277178 ; AUC :84.85%; AP: 48.50%
2024-03-15 03:27:47,863 - root - INFO - Epoch 86: train loss: 0.0012478785003733003 ; AUC :84.55%; AP: 48.05%
2024-03-15 03:27:57,372 - root - INFO - Epoch 87: train loss: 0.001220315643656773 ; AUC :84.55%; AP: 48.05%
2024-03-15 03:28:06,394 - root - INFO - Epoch 88: train loss: 0.0011939155414107847 ; AUC :84.55%; AP: 48.05%
2024-03-15 03:28:16,211 - root - INFO - Epoch 89: train loss: 0.0011685112540638356 ; AUC :84.55%; AP: 48.05%
2024-03-15 03:28:25,766 - root - INFO - Epoch 90: train loss: 0.001144124812333647 ; AUC :84.24%; AP: 47.60%
2024-03-15 03:28:35,488 - root - INFO - Epoch 91: train loss: 0.001120578806325229 ; AUC :84.24%; AP: 47.60%
2024-03-15 03:28:45,731 - root - INFO - Epoch 92: train loss: 0.001097920137302329 ; AUC :84.24%; AP: 47.60%
2024-03-15 03:28:56,502 - root - INFO - Epoch 93: train loss: 0.0010759035075986476 ; AUC :84.24%; AP: 47.60%
2024-03-15 03:29:06,914 - root - INFO - Epoch 94: train loss: 0.001054736104737403 ; AUC :84.24%; AP: 47.60%
2024-03-15 03:29:16,874 - root - INFO - Epoch 95: train loss: 0.001034161248808783 ; AUC :84.24%; AP: 47.60%
2024-03-15 03:29:27,231 - root - INFO - Epoch 96: train loss: 0.0010142114920061872 ; AUC :84.24%; AP: 47.60%
2024-03-15 03:29:36,686 - root - INFO - Epoch 97: train loss: 0.0009948105276138945 ; AUC :84.24%; AP: 47.60%
2024-03-15 03:29:47,279 - root - INFO - Epoch 98: train loss: 0.0009760523998093876 ; AUC :83.94%; AP: 47.15%
2024-03-15 03:29:56,525 - root - INFO - Epoch 99: train loss: 0.0009579236308733622 ; AUC :83.94%; AP: 47.15%
2024-03-15 03:30:07,406 - root - INFO - Epoch 100: train loss: 0.0009892165244585185 ; AUC :83.03%; AP: 46.15%
2024-03-15 03:30:09,647 - root - INFO - Final results:  AUC :83.03%; AP: 46.15%
