2024-03-15 02:39:10,928 - root - INFO - Train_set has 150 pictures; Test_set has 45 pictures
2024-03-15 02:39:12,586 - root - INFO - Initializing center c...
2024-03-15 02:39:16,199 - root - INFO - Center c initialized.
2024-03-15 02:39:16,199 - root - INFO - Start training
2024-03-15 02:39:18,714 - root - INFO - epoch : 1: train loss: 4.167288024958811 ; AUC :61.82%; AP: 23.35%
2024-03-15 02:39:20,973 - root - INFO - epoch : 2: train loss: 0.14578377445669552 ; AUC :50.34%; AP: 18.61%
2024-03-15 02:39:23,346 - root - INFO - epoch : 3: train loss: 0.08661701334150214 ; AUC :14.53%; AP: 11.70%
2024-03-15 02:39:25,616 - root - INFO - epoch : 4: train loss: 0.06823598564063248 ; AUC :12.50%; AP: 11.44%
2024-03-15 02:39:27,866 - root - INFO - epoch : 5: train loss: 0.05434171419198576 ; AUC :15.54%; AP: 11.99%
2024-03-15 02:39:30,353 - root - INFO - epoch : 6: train loss: 0.051136484026516736 ; AUC :27.03%; AP: 13.60%
2024-03-15 02:39:32,527 - root - INFO - epoch : 7: train loss: 0.061845089259900544 ; AUC :10.81%; AP: 11.67%
2024-03-15 02:39:35,072 - root - INFO - epoch : 8: train loss: 0.06921273322873994 ; AUC :41.22%; AP: 16.21%
2024-03-15 02:39:37,170 - root - INFO - epoch : 9: train loss: 0.06541336739533826 ; AUC :13.51%; AP: 11.79%
2024-03-15 02:39:39,452 - root - INFO - epoch : 10: train loss: 0.07807231517998796 ; AUC :26.35%; AP: 13.49%
2024-03-15 02:39:41,601 - root - INFO - epoch : 11: train loss: 0.08537120362253565 ; AUC :10.81%; AP: 11.67%
2024-03-15 02:39:43,836 - root - INFO - epoch : 12: train loss: 0.08800313690383184 ; AUC :27.36%; AP: 13.40%
2024-03-15 02:39:46,032 - root - INFO - epoch : 13: train loss: 0.10785452031383388 ; AUC :20.27%; AP: 12.39%
2024-03-15 02:39:48,176 - root - INFO - epoch : 14: train loss: 0.18039647960349134 ; AUC :4.05%; AP: 10.74%
2024-03-15 02:39:50,303 - root - INFO - epoch : 15: train loss: 0.10558191559424526 ; AUC :25.34%; AP: 13.24%
2024-03-15 02:39:52,359 - root - INFO - epoch : 16: train loss: 0.07830160160205867 ; AUC :26.35%; AP: 13.37%
2024-03-15 02:39:54,494 - root - INFO - epoch : 17: train loss: 0.1064426609756131 ; AUC :44.93%; AP: 16.98%
2024-03-15 02:39:56,718 - root - INFO - epoch : 18: train loss: 0.09683675475810703 ; AUC :15.88%; AP: 12.12%
2024-03-15 02:39:58,998 - root - INFO - epoch : 19: train loss: 0.1580121697563874 ; AUC :23.31%; AP: 13.31%
2024-03-15 02:40:01,196 - root - INFO - epoch : 20: train loss: 0.07480445357137605 ; AUC :47.30%; AP: 19.27%
2024-03-15 02:40:03,316 - root - INFO - epoch : 21: train loss: 0.08689565907575582 ; AUC :50.00%; AP: 19.63%
2024-03-15 02:40:05,524 - root - INFO - epoch : 22: train loss: 0.12413105790160205 ; AUC :93.92%; AP: 72.38%
2024-03-15 02:40:07,882 - root - INFO - epoch : 23: train loss: 0.09805698908473316 ; AUC :22.30%; AP: 12.59%
2024-03-15 02:40:10,137 - root - INFO - epoch : 24: train loss: 0.11706854388313859 ; AUC :50.34%; AP: 18.43%
2024-03-15 02:40:12,361 - root - INFO - epoch : 25: train loss: 0.10184418841412193 ; AUC :0.00%; AP: 10.57%
2024-03-15 02:40:14,772 - root - INFO - epoch : 26: train loss: 0.06469163220179708 ; AUC :5.41%; AP: 10.95%
2024-03-15 02:40:16,886 - root - INFO - epoch : 27: train loss: 0.04809013072793421 ; AUC :47.97%; AP: 18.75%
2024-03-15 02:40:19,115 - root - INFO - epoch : 28: train loss: 0.06151304604779733 ; AUC :12.84%; AP: 11.42%
2024-03-15 02:40:21,603 - root - INFO - epoch : 29: train loss: 0.06330527767146889 ; AUC :45.27%; AP: 16.98%
2024-03-15 02:40:23,995 - root - INFO - epoch : 30: train loss: 0.04318494790870892 ; AUC :17.57%; AP: 12.08%
2024-03-15 02:40:26,176 - root - INFO - epoch : 31: train loss: 0.03520904873546801 ; AUC :55.07%; AP: 19.71%
2024-03-15 02:40:28,337 - root - INFO - epoch : 32: train loss: 0.029509626525013072 ; AUC :41.55%; AP: 16.19%
2024-03-15 02:40:30,417 - root - INFO - epoch : 33: train loss: 0.017407513995605865 ; AUC :24.32%; AP: 13.02%
2024-03-15 02:40:32,644 - root - INFO - epoch : 34: train loss: 0.013975885365844556 ; AUC :25.68%; AP: 13.53%
2024-03-15 02:40:34,790 - root - INFO - epoch : 35: train loss: 0.015930848784352605 ; AUC :64.86%; AP: 24.40%
2024-03-15 02:40:36,911 - root - INFO - epoch : 36: train loss: 0.018356973550429468 ; AUC :64.86%; AP: 24.40%
2024-03-15 02:40:39,225 - root - INFO - epoch : 37: train loss: 0.020357649038104636 ; AUC :63.51%; AP: 23.64%
2024-03-15 02:40:41,432 - root - INFO - epoch : 38: train loss: 0.023907318711280823 ; AUC :2.03%; AP: 10.64%
2024-03-15 02:40:43,860 - root - INFO - epoch : 39: train loss: 0.04168176209848178 ; AUC :67.57%; AP: 26.01%
2024-03-15 02:40:46,356 - root - INFO - epoch : 40: train loss: 0.019318383285089544 ; AUC :60.81%; AP: 22.06%
2024-03-15 02:40:48,780 - root - INFO - epoch : 41: train loss: 0.031585773281557 ; AUC :19.93%; AP: 12.39%
2024-03-15 02:40:51,069 - root - INFO - epoch : 42: train loss: 0.043177415690335785 ; AUC :42.91%; AP: 16.33%
2024-03-15 02:40:53,289 - root - INFO - epoch : 43: train loss: 0.035696890352195816 ; AUC :45.61%; AP: 17.40%
2024-03-15 02:40:55,873 - root - INFO - epoch : 44: train loss: 0.04547132987921175 ; AUC :47.97%; AP: 18.05%
2024-03-15 02:40:58,169 - root - INFO - epoch : 45: train loss: 0.05100775956127204 ; AUC :51.35%; AP: 19.42%
2024-03-15 02:41:00,616 - root - INFO - epoch : 46: train loss: 0.04546235014047278 ; AUC :50.00%; AP: 18.51%
2024-03-15 02:41:02,861 - root - INFO - epoch : 47: train loss: 0.03760650560357853 ; AUC :56.08%; AP: 20.30%
2024-03-15 02:41:05,024 - root - INFO - epoch : 48: train loss: 0.034720114260715876 ; AUC :52.03%; AP: 19.03%
2024-03-15 02:41:07,428 - root - INFO - epoch : 49: train loss: 0.029076961898490003 ; AUC :25.68%; AP: 13.11%
2024-03-15 02:41:09,945 - root - INFO - epoch : 50: train loss: 0.017435380294428843 ; AUC :6.76%; AP: 11.10%
2024-03-15 02:41:12,284 - root - INFO - epoch : 51: train loss: 0.007682994234767791 ; AUC :4.73%; AP: 10.99%
2024-03-15 02:41:14,484 - root - INFO - epoch : 52: train loss: 0.005474009992260682 ; AUC :5.07%; AP: 11.04%
2024-03-15 02:41:16,768 - root - INFO - epoch : 53: train loss: 0.004499000981204996 ; AUC :5.41%; AP: 11.09%
2024-03-15 02:41:18,975 - root - INFO - epoch : 54: train loss: 0.003888782737225196 ; AUC :5.41%; AP: 11.09%
2024-03-15 02:41:21,228 - root - INFO - epoch : 55: train loss: 0.0034589647180645875 ; AUC :5.41%; AP: 11.09%
2024-03-15 02:41:23,387 - root - INFO - epoch : 56: train loss: 0.0031338500986365894 ; AUC :5.41%; AP: 11.09%
2024-03-15 02:41:25,498 - root - INFO - epoch : 57: train loss: 0.0028746071850611387 ; AUC :5.41%; AP: 11.09%
2024-03-15 02:41:27,672 - root - INFO - epoch : 58: train loss: 0.0026606150280904808 ; AUC :5.41%; AP: 11.09%
2024-03-15 02:41:29,733 - root - INFO - epoch : 59: train loss: 0.002479144175978083 ; AUC :5.41%; AP: 11.09%
2024-03-15 02:41:31,805 - root - INFO - epoch : 60: train loss: 0.0023224465319225075 ; AUC :5.41%; AP: 11.09%
2024-03-15 02:41:33,900 - root - INFO - epoch : 61: train loss: 0.0021855756946790373 ; AUC :5.41%; AP: 11.09%
2024-03-15 02:41:36,102 - root - INFO - epoch : 62: train loss: 0.0020646326501216543 ; AUC :5.41%; AP: 11.09%
2024-03-15 02:41:38,224 - root - INFO - epoch : 63: train loss: 0.001956445881851802 ; AUC :5.41%; AP: 11.09%
2024-03-15 02:41:40,585 - root - INFO - epoch : 64: train loss: 0.0018597032252919714 ; AUC :5.74%; AP: 11.10%
2024-03-15 02:41:42,646 - root - INFO - epoch : 65: train loss: 0.001772002761227716 ; AUC :5.74%; AP: 11.10%
2024-03-15 02:41:44,772 - root - INFO - epoch : 66: train loss: 0.0016921743027571786 ; AUC :6.08%; AP: 11.11%
2024-03-15 02:41:46,861 - root - INFO - epoch : 67: train loss: 0.001618826380428417 ; AUC :6.76%; AP: 11.14%
2024-03-15 02:41:48,938 - root - INFO - epoch : 68: train loss: 0.0015514670200278296 ; AUC :7.43%; AP: 11.18%
2024-03-15 02:41:51,060 - root - INFO - epoch : 69: train loss: 0.001489275717176497 ; AUC :8.11%; AP: 11.21%
2024-03-15 02:41:53,196 - root - INFO - epoch : 70: train loss: 0.00143213209843165 ; AUC :8.78%; AP: 11.28%
2024-03-15 02:41:55,349 - root - INFO - epoch : 71: train loss: 0.0013791903268276272 ; AUC :8.78%; AP: 11.28%
2024-03-15 02:41:57,506 - root - INFO - epoch : 72: train loss: 0.0013297503847800392 ; AUC :9.46%; AP: 11.33%
2024-03-15 02:41:59,735 - root - INFO - epoch : 73: train loss: 0.0012837108079111204 ; AUC :10.81%; AP: 11.43%
2024-03-15 02:42:01,763 - root - INFO - epoch : 74: train loss: 0.0012406062880089802 ; AUC :12.16%; AP: 11.53%
2024-03-15 02:42:04,018 - root - INFO - epoch : 75: train loss: 0.0012004256997514811 ; AUC :12.84%; AP: 11.61%
2024-03-15 02:42:06,154 - root - INFO - epoch : 76: train loss: 0.0011627196884211643 ; AUC :13.51%; AP: 11.70%
2024-03-15 02:42:08,297 - root - INFO - epoch : 77: train loss: 0.0011274019902645562 ; AUC :13.18%; AP: 11.65%
2024-03-15 02:42:10,398 - root - INFO - epoch : 78: train loss: 0.0010940929657264956 ; AUC :13.51%; AP: 11.70%
2024-03-15 02:42:12,469 - root - INFO - epoch : 79: train loss: 0.0010626987090003432 ; AUC :14.86%; AP: 11.82%
2024-03-15 02:42:14,678 - root - INFO - epoch : 80: train loss: 0.0010329903337773622 ; AUC :14.86%; AP: 11.82%
2024-03-15 02:42:16,836 - root - INFO - epoch : 81: train loss: 0.001004745405608494 ; AUC :15.20%; AP: 11.87%
2024-03-15 02:42:18,975 - root - INFO - epoch : 82: train loss: 0.0009777998363317334 ; AUC :16.55%; AP: 12.06%
2024-03-15 02:42:21,172 - root - INFO - epoch : 83: train loss: 0.0009519238489079534 ; AUC :17.23%; AP: 12.10%
2024-03-15 02:42:23,497 - root - INFO - epoch : 84: train loss: 0.0009274352724835472 ; AUC :16.89%; AP: 12.05%
2024-03-15 02:42:25,707 - root - INFO - epoch : 85: train loss: 0.0009039288653232353 ; AUC :16.89%; AP: 12.05%
2024-03-15 02:42:27,795 - root - INFO - epoch : 86: train loss: 0.0008814353465200647 ; AUC :16.89%; AP: 12.05%
2024-03-15 02:42:29,901 - root - INFO - epoch : 87: train loss: 0.0008598748704810676 ; AUC :16.89%; AP: 12.05%
2024-03-15 02:42:32,068 - root - INFO - epoch : 88: train loss: 0.0008391895052658296 ; AUC :16.89%; AP: 12.05%
2024-03-15 02:42:34,182 - root - INFO - epoch : 89: train loss: 0.0008192146112713473 ; AUC :18.24%; AP: 12.21%
2024-03-15 02:42:36,370 - root - INFO - epoch : 90: train loss: 0.000799939195674501 ; AUC :18.24%; AP: 12.21%
2024-03-15 02:42:38,553 - root - INFO - epoch : 91: train loss: 0.0007814885190639057 ; AUC :18.24%; AP: 12.21%
2024-03-15 02:42:40,703 - root - INFO - epoch : 92: train loss: 0.0007639238373437701 ; AUC :18.24%; AP: 12.21%
2024-03-15 02:42:42,884 - root - INFO - epoch : 93: train loss: 0.000747047235276305 ; AUC :18.24%; AP: 12.21%
2024-03-15 02:42:44,964 - root - INFO - epoch : 94: train loss: 0.0007308680881243689 ; AUC :17.91%; AP: 12.19%
2024-03-15 02:42:46,946 - root - INFO - epoch : 95: train loss: 0.0007152928940884426 ; AUC :17.57%; AP: 12.17%
2024-03-15 02:42:49,054 - root - INFO - epoch : 96: train loss: 0.0007001278071057689 ; AUC :17.57%; AP: 12.17%
2024-03-15 02:42:51,258 - root - INFO - epoch : 97: train loss: 0.0006853467064885129 ; AUC :17.57%; AP: 12.17%
2024-03-15 02:42:53,446 - root - INFO - epoch : 98: train loss: 0.0006709859865766607 ; AUC :17.57%; AP: 12.17%
2024-03-15 02:42:55,758 - root - INFO - epoch : 99: train loss: 0.0006570017829194273 ; AUC :17.57%; AP: 12.17%
2024-03-15 02:42:57,881 - root - INFO - epoch : 100: train loss: 0.0005821528381937625 ; AUC :17.57%; AP: 12.17%
2024-03-15 02:42:58,365 - root - INFO - Final results:  AUC :17.57%; AP: 12.17%
